[2024-12-02 15:32:34] Cache-aside 패턴 실습환경 구성을 시작합니다...
[2024-12-02 15:32:34] Azure CLI 로그인 상태 확인 중...
[2024-12-02 15:32:35] Redis VM 생성 중...
[2024-12-02 15:39:43] SQL Database 리소스 생성 중...
[2024-12-02 15:42:58] Private DNS 설정 중...
[2024-12-02 15:44:10] Private DNS 설정 완료
[2024-12-02 15:44:10] Load Balancer 생성 중...
[2024-12-02 15:44:54] App Service 리소스 생성 중...
[2024-12-02 15:45:46] Web App 환경 설정 중...
[2024-12-02 15:45:48] Redis host IP: 10.17.0.69
[2024-12-02 15:45:50] 모든 리소스가 성공적으로 생성되었습니다.
[2024-12-02 15:45:50] === 생성된 리소스 목록 ===
[2024-12-02 15:57:48] Cache-aside 패턴 실습환경 구성을 시작합니다...
[2024-12-02 15:57:48] Azure CLI 로그인 상태 확인 중...
[2024-12-02 15:57:49] Redis 컨테이너 설정 중...
[2024-12-02 15:57:57] SQL Database 리소스 생성 중...
[2024-12-02 15:58:17] App Service 리소스 생성 중...
[2024-12-02 15:58:24] Web App 환경 설정 중...
[2024-12-02 15:58:24] Redis LoadBalancer IP: 4.230.149.198
[2024-12-02 15:58:27] 모든 리소스가 성공적으로 생성되었습니다.
[2024-12-02 15:58:27] === Redis 연결 정보 ===
[2024-12-02 15:58:27] Host: 10.0.149.110
[2024-12-02 15:58:27] Port: 6379
[2024-12-02 15:58:27] Password: P@ssw0rd$
[2024-12-02 15:58:27] === SQL Server 연결 정보 ===
[2024-12-02 15:58:27] Server: ondal-cache-aside-sql.database.windows.net
[2024-12-02 15:58:27] Database: ondal-cache-aside-db
[2024-12-02 15:58:27] Username: sqladmin
[2024-12-02 18:02:50] Cache-aside 패턴 실습환경 구성을 시작합니다...
[2024-12-02 18:02:50] Azure CLI 로그인 상태 확인 중...
[2024-12-02 18:02:50] Redis 컨테이너 설정 중...
[2024-12-02 18:02:52] SQL Database 리소스 생성 중...
[2024-12-02 18:06:04] Private DNS 설정 중...
[2024-12-02 18:07:17] Private DNS Zone VNET 연결 완료 또는 이미 존재함
[2024-12-02 18:07:17] App Service 리소스 생성 중...
[2024-12-02 18:07:51] Web App 환경 설정 중...
[2024-12-02 18:07:52] Redis LoadBalancer IP: 4.230.153.54
[2024-12-02 18:07:54] 모든 리소스가 성공적으로 생성되었습니다.
[2024-12-02 18:07:54] === 생성 리소스 확인 ===
[2024-12-02 18:07:55] === Redis 연결 정보 ===
[2024-12-02 18:07:55] Host: 4.230.153.54
[2024-12-02 18:07:55] Port: 6379
[2024-12-02 18:07:55] Password: P@ssw0rd$
[2024-12-02 18:07:55] === SQL Server 연결 정보 ===
[2024-12-02 18:07:55] Server: ondal-cache-aside-sql.database.windows.net
[2024-12-02 18:07:55] Port: 1433
[2024-12-02 18:07:55] Database: ondal-cache-aside-db
[2024-12-02 18:07:55] Username: sqladmin
[2024-12-02 18:07:58] === Web App 연결 정보 ===
[2024-12-02 18:07:58] Host: ondal-cache-aside-app.azurewebsites.net
[2024-12-02 18:07:58] Swagger: https://ondal-cache-aside-app.azurewebsites.net/swagger-ui.html
[2024-12-02 18:07:58] Kudu: https://ondal-cache-aside-app.scm.azurewebsites.net:443
[2024-12-02 18:07:58] === 기본값 설정 ===
[2024-12-02 18:07:58] az configure --defaults group=tiu-dgga-rg
[2024-12-02 18:07:58] az configure --defaults web=ondal-cache-aside-app
[2024-12-02 18:07:58] === 배포 가이드 ===
[2024-12-02 18:07:58] az webapp deploy --type jar --src-path={jar path}
[2024-12-02 18:07:58] az webapp log tail
[2024-12-02 18:22:31] Cache-aside 패턴 실습환경 구성을 시작합니다...
[2024-12-02 18:22:31] Azure CLI 로그인 상태 확인 중...
[2024-12-02 18:22:31] Redis 컨테이너 설정 중...
[2024-12-02 18:22:36] SQL Database 리소스 생성 중...
[2024-12-02 18:23:04] Private DNS 설정 중...
[2024-12-02 18:23:42] Error: SQL DNS 레코드 생성 실패
[2024-12-02 18:24:46] Cache-aside 패턴 실습환경 구성을 시작합니다...
[2024-12-02 18:24:46] Azure CLI 로그인 상태 확인 중...
[2024-12-02 18:24:47] Redis 컨테이너 설정 중...
[2024-12-02 18:24:48] SQL Database 리소스 생성 중...
[2024-12-02 18:25:17] Private DNS 설정 중...
[2024-12-02 18:26:29] Private DNS Zone VNET 연결 완료 또는 이미 존재함
[2024-12-02 18:26:29] App Service 리소스 생성 중...
[2024-12-02 18:27:00] Web App 환경 설정 중...
[2024-12-02 18:27:00] Redis LoadBalancer IP: 4.230.153.54
[2024-12-02 18:27:02] 모든 리소스가 성공적으로 생성되었습니다.
[2024-12-02 18:27:02] === 생성 리소스 확인 ===
[2024-12-02 18:27:03] === Redis 연결 정보 ===
[2024-12-02 18:27:03] Host: 4.230.153.54
[2024-12-02 18:27:03] Port: 6379
[2024-12-02 18:27:03] Password: P@ssw0rd$
[2024-12-02 18:27:03] === SQL Server 연결 정보 ===
[2024-12-02 18:27:03] Server: ondal-cache-aside-sql.database.windows.net
[2024-12-02 18:27:03] Port: 1433
[2024-12-02 18:27:03] Database: ondal-cache-aside-db
[2024-12-02 18:27:03] Username: sqladmin
[2024-12-02 18:27:06] === Web App 연결 정보 ===
[2024-12-02 18:27:06] Host: ondal-cache-aside-app.azurewebsites.net
[2024-12-02 18:27:06] Swagger: https://ondal-cache-aside-app.azurewebsites.net/swagger-ui.html
[2024-12-02 18:27:06] Kudu: https://ondal-cache-aside-app.scm.azurewebsites.net:443
[2024-12-02 18:27:06] === 기본값 설정 ===
[2024-12-02 18:27:06] az configure --defaults group=tiu-dgga-rg
[2024-12-02 18:27:06] az configure --defaults web=ondal-cache-aside-app
[2024-12-02 18:27:06] === 배포 가이드 ===
[2024-12-02 18:27:06] az webapp deploy --type jar --src-path={jar path}
[2024-12-02 18:27:06] az webapp log tail
[2024-12-10 05:17:18] Cache-aside 패턴 실습환경 구성을 시작합니다...
[2024-12-10 05:17:18] Azure CLI 로그인 상태 확인 중...
[2024-12-10 05:17:19] Redis 컨테이너 설정 중...
[2024-12-10 05:17:21] Error: AKS 자격 증명 가져오기 실패
[2024-12-10 05:19:18] Cache-aside 패턴 실습환경 구성을 시작합니다...
[2024-12-10 05:19:18] Azure CLI 로그인 상태 확인 중...
[2024-12-10 05:19:19] Redis 컨테이너 설정 중...
[2024-12-10 05:19:21] Error: AKS 자격 증명 가져오기 실패
[2024-12-10 05:19:36] Cache-aside 패턴 실습환경 구성을 시작합니다...
[2024-12-10 05:19:36] Azure CLI 로그인 상태 확인 중...
[2024-12-10 05:19:37] Redis 컨테이너 설정 중...
[2024-12-10 05:19:39] Error: AKS 자격 증명 가져오기 실패
[2024-12-10 05:20:35] Cache-aside 패턴 실습환경 구성을 시작합니다...
[2024-12-10 05:20:35] Azure CLI 로그인 상태 확인 중...
[2024-12-10 05:20:36] Redis 컨테이너 설정 중...
[2024-12-10 05:20:38] Error: AKS 자격 증명 가져오기 실패
[2024-12-10 05:22:55] Cache-aside 패턴 실습환경 구성을 시작합니다...
[2024-12-10 05:22:55] Azure CLI 로그인 상태 확인 중...
[2024-12-10 05:22:56] Redis 컨테이너 설정 중...
[2024-12-10 05:22:58] SQL Database 리소스 생성 중...
