[2024-12-02 10:12:22] Cache-aside 패턴 실습환경 구성을 시작합니다...
[2024-12-02 10:12:22] Azure CLI 로그인 상태 확인 중...
[2024-12-02 10:12:22] Redis Cache 리소스 생성 중...
[2024-12-02 10:12:22] SQL Database 리소스 생성 중...
[2024-12-02 10:31:16] App Service 리소스 생성 중...
[2024-12-02 10:31:57] Private DNS 설정 중...
[2024-12-02 10:32:07] Web App 환경 설정 중...
[2024-12-02 10:32:13] 모든 리소스가 성공적으로 생성되었습니다.
[2024-12-02 10:32:13] === 생성된 리소스 목록 ===
[2024-12-02 14:14:30] Cache-aside 패턴 실습환경 구성을 시작합니다...
[2024-12-02 14:14:30] Azure CLI 로그인 상태 확인 중...
[2024-12-02 14:14:30] Redis VM 생성 중...
[2024-12-02 14:21:09] SQL Database 리소스 생성 중...
[2024-12-02 14:24:08] Load Balancer 생성 중...
[2024-12-02 14:24:41] Error: Load Balancer 생성 실패
[2024-12-02 14:29:08] Cache-aside 패턴 실습환경 구성을 시작합니다...
[2024-12-02 14:29:08] Azure CLI 로그인 상태 확인 중...
[2024-12-02 14:29:08] Redis VM 생성 중...
[2024-12-02 14:35:16] SQL Database 리소스 생성 중...
[2024-12-02 14:35:41] Load Balancer 생성 중...
[2024-12-02 14:36:24] App Service 리소스 생성 중...
[2024-12-02 14:37:15] Web App 환경 설정 중...
[2024-12-02 14:37:18] 모든 리소스가 성공적으로 생성되었습니다.
[2024-12-02 14:37:18] === 생성된 리소스 목록 ===
