[2024-12-02 16:29:45] Cache-aside 패턴 실습환경 구성을 시작합니다...
[2024-12-02 16:29:45] Azure CLI 로그인 상태 확인 중...
[2024-12-02 16:29:46] Redis 컨테이너 설정 중...
[2024-12-02 16:29:48] SQL Database 리소스 생성 중...
[2024-12-02 16:31:59] App Service 리소스 생성 중...
[2024-12-02 16:32:36] Web App 환경 설정 중...
[2024-12-02 16:32:37] Redis LoadBalancer IP: 4.230.155.208
[2024-12-02 16:32:39] 모든 리소스가 성공적으로 생성되었습니다.
[2024-12-02 16:32:39] === Redis 연결 정보 ===
[2024-12-02 16:32:39] Host: 10.0.86.40
[2024-12-02 16:32:39] Port: 6379
[2024-12-02 16:32:39] Password: P@ssw0rd$
[2024-12-02 16:32:39] === SQL Server 연결 정보 ===
[2024-12-02 16:32:40] Server: gappa-cache-aside-sql.database.windows.net
[2024-12-02 16:32:40] Database: gappa-cache-aside-db
[2024-12-02 16:32:40] Username: sqladmin
[2024-12-02 16:43:48] Cache-aside 패턴 실습환경 구성을 시작합니다...
[2024-12-02 16:43:48] Azure CLI 로그인 상태 확인 중...
[2024-12-02 16:43:49] Redis 컨테이너 설정 중...
[2024-12-02 16:43:50] SQL Database 리소스 생성 중...
[2024-12-02 16:44:10] App Service 리소스 생성 중...
[2024-12-02 16:44:18] Web App 환경 설정 중...
[2024-12-02 16:44:18] Redis LoadBalancer IP: 4.230.155.208
[2024-12-02 16:44:20] 모든 리소스가 성공적으로 생성되었습니다.
[2024-12-02 16:44:20] === Redis 연결 정보 ===
[2024-12-02 16:44:20] Host: 4.230.155.208
[2024-12-02 16:44:20] Port: 6379
[2024-12-02 16:44:20] Password: P@ssw0rd$
[2024-12-02 16:44:20] === SQL Server 연결 정보 ===
[2024-12-02 16:44:20] Server: gappa-cache-aside-sql.database.windows.net
[2024-12-02 16:44:20] Database: gappa-cache-aside-db
[2024-12-02 16:44:20] Username: sqladmin
[2024-12-02 16:44:23] === Web App 연결 정보 ===
[2024-12-02 16:44:23] Host: 
[2024-12-02 16:44:23] Swagger: /swagger-ui.html
[2024-12-02 16:44:23] Kudu: 
[2024-12-02 16:51:41] Cache-aside 패턴 실습환경 구성을 시작합니다...
[2024-12-02 16:51:41] Azure CLI 로그인 상태 확인 중...
[2024-12-02 16:51:41] Redis 컨테이너 설정 중...
[2024-12-02 16:51:43] SQL Database 리소스 생성 중...
[2024-12-02 16:52:02] App Service 리소스 생성 중...
[2024-12-02 16:52:11] Web App 환경 설정 중...
[2024-12-02 16:52:11] Redis LoadBalancer IP: 4.230.155.208
[2024-12-02 16:52:13] 모든 리소스가 성공적으로 생성되었습니다.
[2024-12-02 16:52:13] === 생성 리소스 확인 ===
[2024-12-02 16:52:14] === Redis 연결 정보 ===
[2024-12-02 16:52:14] Host: 4.230.155.208
[2024-12-02 16:52:14] Port: 6379
[2024-12-02 16:52:14] Password: P@ssw0rd$
[2024-12-02 16:52:14] === SQL Server 연결 정보 ===
[2024-12-02 16:52:14] Server: gappa-cache-aside-sql.database.windows.net
[2024-12-02 16:52:14] Database: gappa-cache-aside-db
[2024-12-02 16:52:14] Username: sqladmin
[2024-12-02 16:52:17] === Web App 연결 정보 ===
[2024-12-02 16:52:17] Host: gappa-cache-aside-app.azurewebsites.net
[2024-12-02 16:52:17] Swagger: gappa-cache-aside-app.azurewebsites.net/swagger-ui.html
[2024-12-02 16:52:17] Kudu: gappa-cache-aside-app.scm.azurewebsites.net:443
[2024-12-02 16:59:56] Cache-aside 패턴 실습환경 구성을 시작합니다...
[2024-12-02 16:59:56] Azure CLI 로그인 상태 확인 중...
[2024-12-02 16:59:56] Redis 컨테이너 설정 중...
[2024-12-02 16:59:58] SQL Database 리소스 생성 중...
[2024-12-02 17:00:19] App Service 리소스 생성 중...
[2024-12-02 17:00:27] Web App 환경 설정 중...
[2024-12-02 17:00:27] Redis LoadBalancer IP: 4.230.155.208
[2024-12-02 17:00:29] 모든 리소스가 성공적으로 생성되었습니다.
[2024-12-02 17:00:29] === 생성 리소스 확인 ===
[2024-12-02 17:00:30] === Redis 연결 정보 ===
[2024-12-02 17:00:30] Host: 4.230.155.208
[2024-12-02 17:00:30] Port: 6379
[2024-12-02 17:00:30] Password: P@ssw0rd$
[2024-12-02 17:00:30] === SQL Server 연결 정보 ===
[2024-12-02 17:00:30] Server: gappa-cache-aside-sql.database.windows.net
[2024-12-02 17:00:30] Database: gappa-cache-aside-db
[2024-12-02 17:00:30] Username: sqladmin
[2024-12-02 17:00:33] === Web App 연결 정보 ===
[2024-12-02 17:00:33] Host: gappa-cache-aside-app.azurewebsites.net
[2024-12-02 17:00:33] Swagger: https://gappa-cache-aside-app.azurewebsites.net/swagger-ui.html
[2024-12-02 17:00:33] Kudu: https://gappa-cache-aside-app.scm.azurewebsites.net:443
[2024-12-02 17:00:33] === 기본값 설정 ===
[2024-12-02 17:00:33] az configure --defaults group=tiu-dgga-rg
[2024-12-02 17:00:33] az configure --defaults web=gappa-cache-aside-app
[2024-12-02 17:00:33] === 배포 가이드 ===
[2024-12-02 17:00:33] az webapp deploy --src-path={jar path} --type jar
[2024-12-02 17:00:33] az webapp log tail
[2024-12-02 17:28:32] Cache-aside 패턴 실습환경 구성을 시작합니다...
[2024-12-02 17:28:32] Azure CLI 로그인 상태 확인 중...
[2024-12-02 17:28:32] Redis 컨테이너 설정 중...
[2024-12-02 17:28:38] SQL Database 리소스 생성 중...
[2024-12-02 17:29:37] Private DNS 설정 중...
[2024-12-02 17:30:51] Error: Private DNS Zone VNET 연결 실패
[2024-12-02 17:34:46] Cache-aside 패턴 실습환경 구성을 시작합니다...
[2024-12-02 17:34:46] Azure CLI 로그인 상태 확인 중...
[2024-12-02 17:34:47] Redis 컨테이너 설정 중...
[2024-12-02 17:34:48] Error: AKS 자격 증명 가져오기 실패
